/usr/bin/ffmpeg -hide_banner -y -y -r 10 -start_number 0 -start_number_range 1 -i /home/bunnyguy/Documents/pendant/public/img/frame%04d.png -i /home/bunnyguy/Documents/pendant/public/img/KritaTempPalettegen_%06d.png -lavfi [0:v][1:v]paletteuse=dither=sierra2_4a:diff_mode=none -f gif -loop 0 -gifflags +transdiff /home/bunnyguy/Documents/pendant/public/img/magpie-hr.gif
=====================================================
Input #0, image2, from '/home/bunnyguy/Documents/pendant/public/img/frame%04d.png':
  Duration: 00:00:00.64, start: 0.000000, bitrate: N/A
  Stream #0:0: Video: png, rgba(pc, gbr/unknown/unknown), 900x225 [SAR 11811:11811 DAR 4:1], 25 fps, 25 tbr, 25 tbn
Input #1, image2, from '/home/bunnyguy/Documents/pendant/public/img/KritaTempPalettegen_%06d.png':
  Duration: 00:00:00.04, start: 0.000000, bitrate: N/A
  Stream #1:0: Video: png, rgba(pc, gbr/unknown/unknown), 16x16 [SAR 1:1 DAR 1:1], 25 fps, 25 tbr, 25 tbn
Stream mapping:
  Stream #0:0 (png) -> paletteuse
  Stream #1:0 (png) -> paletteuse
  paletteuse:default -> Stream #0:0 (gif)
Press [q] to stop, [?] for help
Output #0, gif, to '/home/bunnyguy/Documents/pendant/public/img/magpie-hr.gif':
  Metadata:
    encoder         : Lavf62.12.101
  Stream #0:0: Video: gif, pal8(pc, gbr/unknown/unknown, progressive), 900x225 [SAR 1:1 DAR 4:1], q=2-31, 200 kb/s, 10 fps, 100 tbn
    Metadata:
      encoder         : Lavc62.28.101 gif
[out#0/gif @ 0x55c063f17340] video:357KiB audio:0KiB subtitle:0KiB other streams:0KiB global headers:0KiB muxing overhead: 0.005477%
frame=   16 fps=0.0 q=-0.0 Lsize=     357KiB time=00:00:01.60 bitrate=1826.0kbits/s speed=6.93x elapsed=0:00:00.23    
